[debug] [2023-03-16T00:47:40.878Z] ----------------------------------------------------------------------
[debug] [2023-03-16T00:47:40.879Z] Command:       /Users/dzoba/.nvm/versions/node/v16.19.0/bin/node /Users/dzoba/.nvm/versions/node/v16.19.0/bin/firebase deploy
[debug] [2023-03-16T00:47:40.879Z] CLI Version:   11.24.1
[debug] [2023-03-16T00:47:40.879Z] Platform:      darwin
[debug] [2023-03-16T00:47:40.879Z] Node Version:  v16.19.0
[debug] [2023-03-16T00:47:40.882Z] Time:          Wed Mar 15 2023 20:47:40 GMT-0400 (Eastern Daylight Time)
[debug] [2023-03-16T00:47:40.882Z] ----------------------------------------------------------------------
[debug] 
[debug] [2023-03-16T00:47:40.910Z] > command requires scopes: ["email","openid","https://www.googleapis.com/auth/cloudplatformprojects.readonly","https://www.googleapis.com/auth/firebase","https://www.googleapis.com/auth/cloud-platform"]
[debug] [2023-03-16T00:47:40.910Z] > authorizing via signed-in user (chris@dzoba.com)
[debug] [2023-03-16T00:47:40.910Z] [iam] checking project errand-runner-42de7 for permissions ["firebase.projects.get","firebasehosting.sites.update"]
[debug] [2023-03-16T00:47:40.911Z] >>> [apiv2][query] POST https://cloudresourcemanager.googleapis.com/v1/projects/errand-runner-42de7:testIamPermissions [none]
[debug] [2023-03-16T00:47:40.911Z] >>> [apiv2][(partial)header] POST https://cloudresourcemanager.googleapis.com/v1/projects/errand-runner-42de7:testIamPermissions x-goog-quota-user=projects/errand-runner-42de7
[debug] [2023-03-16T00:47:40.911Z] >>> [apiv2][body] POST https://cloudresourcemanager.googleapis.com/v1/projects/errand-runner-42de7:testIamPermissions {"permissions":["firebase.projects.get","firebasehosting.sites.update"]}
[debug] [2023-03-16T00:47:43.908Z] <<< [apiv2][status] POST https://cloudresourcemanager.googleapis.com/v1/projects/errand-runner-42de7:testIamPermissions 200
[debug] [2023-03-16T00:47:43.909Z] <<< [apiv2][body] POST https://cloudresourcemanager.googleapis.com/v1/projects/errand-runner-42de7:testIamPermissions {"permissions":["firebase.projects.get","firebasehosting.sites.update"]}
[debug] [2023-03-16T00:47:43.911Z] >>> [apiv2][query] GET https://firebase.googleapis.com/v1beta1/projects/errand-runner-42de7 [none]
[debug] [2023-03-16T00:47:45.261Z] <<< [apiv2][status] GET https://firebase.googleapis.com/v1beta1/projects/errand-runner-42de7 200
[debug] [2023-03-16T00:47:45.261Z] <<< [apiv2][body] GET https://firebase.googleapis.com/v1beta1/projects/errand-runner-42de7 {"projectId":"errand-runner-42de7","projectNumber":"166900683508","displayName":"errand-runner","name":"projects/errand-runner-42de7","resources":{"hostingSite":"errand-runner-42de7"},"state":"ACTIVE","etag":"1_39e915c2-a85d-4847-b903-cf6a2af336b4"}
[info] 
[info] === Deploying to 'errand-runner-42de7'...
[info] 
[info] i  deploying hosting 
[debug] [2023-03-16T00:47:45.267Z] >>> [apiv2][query] POST https://firebasehosting.googleapis.com/v1beta1/projects/-/sites/errand-runner-42de7/versions [none]
[debug] [2023-03-16T00:47:45.267Z] >>> [apiv2][body] POST https://firebasehosting.googleapis.com/v1beta1/projects/-/sites/errand-runner-42de7/versions {"status":"CREATED","labels":{"deployment-tool":"cli-firebase"}}
[debug] [2023-03-16T00:47:47.104Z] <<< [apiv2][status] POST https://firebasehosting.googleapis.com/v1beta1/projects/-/sites/errand-runner-42de7/versions 200
[debug] [2023-03-16T00:47:47.104Z] <<< [apiv2][body] POST https://firebasehosting.googleapis.com/v1beta1/projects/-/sites/errand-runner-42de7/versions {"name":"projects/166900683508/sites/errand-runner-42de7/versions/dc768371c6d29830","status":"CREATED","config":{},"labels":{"deployment-tool":"cli-firebase"}}
[info] i  hosting[errand-runner-42de7]: beginning deploy... 
[info] i  hosting[errand-runner-42de7]: found 14 files in build 
[debug] [2023-03-16T00:47:47.117Z] [hosting] uploading with 200 concurrency
[debug] [2023-03-16T00:47:47.222Z] [hosting] hash cache [YnVpbGQ] stored for 14 files
[debug] [2023-03-16T00:47:47.222Z] [hosting][hash queue][FINAL] {"max":96,"min":5,"avg":13.928571428571429,"active":0,"complete":14,"success":14,"errored":0,"retried":0,"total":14,"elapsed":101}
[debug] [2023-03-16T00:47:47.222Z] >>> [apiv2][query] POST https://firebasehosting.googleapis.com/v1beta1/projects/166900683508/sites/errand-runner-42de7/versions/dc768371c6d29830:populateFiles [none]
[debug] [2023-03-16T00:47:47.222Z] >>> [apiv2][body] POST https://firebasehosting.googleapis.com/v1beta1/projects/166900683508/sites/errand-runner-42de7/versions/dc768371c6d29830:populateFiles {"files":{"/asset-manifest.json":"a8b905b1069f96e471d9f6a6fde5866c054db0ad8e4e603ef45d234ea6a4be95","/robots.txt":"391d14b3c2f8c9143a27a28c7399585142228d4d1bdbe2c87ac946de411fa9a2","/static/css/main.087a124b.css":"365e887a6bc5ad1118afc832e757035a4cba408b10f31b7d3ee4e8808288142c","/index.html":"111b49b7fa70e847e21b5b34fcf63736e0cc9ade5d4204aaae6a46db371b505a","/static/js/main.1e53b70e.js.LICENSE.txt":"843f358b1ba093da065163ffa896824641eac761918436d328d77f5a3ae827b7","/character.png":"6bbd5482390cea7dc572d4339c9218796e830b0d34a12621f3e6cc58ed969b0a","/manifest.json":"341d52628782f8ac9290bbfc43298afccb47b7cbfcee146ae30cf0f46bc30900","/static/media/character.3f19fa0730751521cf7e.png":"6bbd5482390cea7dc572d4339c9218796e830b0d34a12621f3e6cc58ed969b0a","/static/css/main.087a124b.css.map":"2edb7fab768fedbd5c7ef5bd328015b2df17b1ffc091b95f0dcccc2b7f05e792","/static/js/787.198725cb.chunk.js":"9d52b637ffc14e03eb54b4b4e1621285085b1c20e917cd11dd58342be1d86984","/static/js/787.198725cb.chunk.js.map":"43df8872fa93c661f311c41ef8a72b8254a14ed016e1850deef77b58da36e9ad","/favicon.ico":"f6bcc3156fc03cc8a06f55553ab8da937091e034983d28be84fd5a4303ccb840","/static/js/main.1e53b70e.js":"7869405a898d17da20177c4ce495bf373b02ce5f40d9f69ae72e5c60e975cbb0","/static/js/main.1e53b70e.js.map":"7ca203dca74ce68b125b9a1d30d81096c103e0d429c8e3bba865aaade0e069e8"}}
[debug] [2023-03-16T00:47:49.378Z] <<< [apiv2][status] POST https://firebasehosting.googleapis.com/v1beta1/projects/166900683508/sites/errand-runner-42de7/versions/dc768371c6d29830:populateFiles 200
[debug] [2023-03-16T00:47:49.379Z] <<< [apiv2][body] POST https://firebasehosting.googleapis.com/v1beta1/projects/166900683508/sites/errand-runner-42de7/versions/dc768371c6d29830:populateFiles {"uploadRequiredHashes":["111b49b7fa70e847e21b5b34fcf63736e0cc9ade5d4204aaae6a46db371b505a"],"uploadUrl":"https://upload-firebasehosting.googleapis.com/upload/sites/errand-runner-42de7/versions/dc768371c6d29830/files"}
[debug] [2023-03-16T00:47:49.380Z] >>> [apiv2][query] POST https://upload-firebasehosting.googleapis.com/upload/sites/errand-runner-42de7/versions/dc768371c6d29830/files/111b49b7fa70e847e21b5b34fcf63736e0cc9ade5d4204aaae6a46db371b505a [none]
[debug] [2023-03-16T00:47:49.380Z] >>> [apiv2][body] POST https://upload-firebasehosting.googleapis.com/upload/sites/errand-runner-42de7/versions/dc768371c6d29830/files/111b49b7fa70e847e21b5b34fcf63736e0cc9ade5d4204aaae6a46db371b505a [stream]
[debug] [2023-03-16T00:47:49.381Z] [hosting][populate queue][FINAL] {"max":2159,"min":2159,"avg":2159,"active":0,"complete":1,"success":1,"errored":0,"retried":0,"total":1,"elapsed":2160}
[debug] [2023-03-16T00:47:49.381Z] [hosting] uploads queued: 1
[debug] [2023-03-16T00:47:52.992Z] <<< [apiv2][status] POST https://upload-firebasehosting.googleapis.com/upload/sites/errand-runner-42de7/versions/dc768371c6d29830/files/111b49b7fa70e847e21b5b34fcf63736e0cc9ade5d4204aaae6a46db371b505a 200
[debug] [2023-03-16T00:47:52.993Z] <<< [apiv2][body] POST https://upload-firebasehosting.googleapis.com/upload/sites/errand-runner-42de7/versions/dc768371c6d29830/files/111b49b7fa70e847e21b5b34fcf63736e0cc9ade5d4204aaae6a46db371b505a [stream]
[debug] [2023-03-16T00:47:52.993Z] [hosting][upload queue][FINAL] {"max":3614,"min":3614,"avg":3614,"active":0,"complete":1,"success":1,"errored":0,"retried":0,"total":1,"elapsed":3614}
[info] ✔  hosting[errand-runner-42de7]: file upload complete 
[debug] [2023-03-16T00:47:52.994Z] [hosting] deploy completed after 5887ms
[debug] [2023-03-16T00:47:52.997Z] [
  {
    "config": {
      "public": "build",
      "ignore": [
        "firebase.json",
        "**/.*",
        "**/node_modules/**"
      ],
      "rewrites": [
        {
          "source": "**",
          "destination": "/index.html"
        }
      ],
      "site": "errand-runner-42de7"
    },
    "version": "projects/166900683508/sites/errand-runner-42de7/versions/dc768371c6d29830"
  }
]
[info] i  hosting[errand-runner-42de7]: finalizing version... 
[debug] [2023-03-16T00:47:52.999Z] >>> [apiv2][query] PATCH https://firebasehosting.googleapis.com/v1beta1/projects/-/sites/errand-runner-42de7/versions/dc768371c6d29830 updateMask=status%2Cconfig
[debug] [2023-03-16T00:47:52.999Z] >>> [apiv2][body] PATCH https://firebasehosting.googleapis.com/v1beta1/projects/-/sites/errand-runner-42de7/versions/dc768371c6d29830 {"status":"FINALIZED","config":{"rewrites":[{"glob":"**","path":"/index.html"}]}}
